SIC SIMULATOR V1.6
File names are:
loader                                 
DEVF1                                  
DEVF2                                  
DEVF3                                  
DEV04                                  
DEV05                                  
DEV06                                  
COMMAND: A(CCEPT file names, R(ENAME 1 or more files
r
loader                                 
DEVF1                                  
pgm.obj
DEVF2                                  
test
DEVF3                                  
DEV04                                  
DEV05                                  
DEV06                                  
File names are:
loader                                 
pgm.obj                                
test                                   
DEVF3                                  
DEV04                                  
DEV05                                  
DEV06                                  
COMMAND: A(CCEPT file names, R(ENAME 1 or more files
a

COMMAND: S(TART, R(UN, E(NTER, D(UMP, H(COUNT, B(KPT, F(ILES, T(RACE, Q(UIT?
s

COMMAND: S(TART, R(UN, E(NTER, D(UMP, H(COUNT, B(KPT, F(ILES, T(RACE, Q(UIT?
b
INVALID ADDRESS SPECIFIED

COMMAND: S(TART, R(UN, E(NTER, D(UMP, H(COUNT, B(KPT, F(ILES, T(RACE, Q(UIT?
r
  1000 INSTRUCTIONS EXECUTED
P=00004B

COMMAND: S(TART, R(UN, E(NTER, D(UMP, H(COUNT, B(KPT, F(ILES, T(RACE, Q(UIT?
r
UNSUPPORTED MACHINE INSTRUCTION
P=000118

COMMAND: S(TART, R(UN, E(NTER, D(UMP, H(COUNT, B(KPT, F(ILES, T(RACE, Q(UIT?
d 100-200

0100 E3201533 2FFADB20 0F57200E E3200A33
0110 2FFA5320 05DF2001 F20535FF FFFFFFFF
0120 FFFFFFFF FFFFFFFF FFFFFFFF FFFFFFFF
0130 FFFFFFFF FFFFFFFF FFFFFFFF FFFFFFFF
0140 FFFFFFFF FFFFFFFF FFFFFFFF FFFFFFFF
0150 FFFFFFFF FFFFFFFF FFFFFFFF FFFFFFFF
0160 FFFFFFFF FFFFFFFF FFFFFFFF FFFFFFFF
0170 FFFFFFFF FFFFFFFF FFFFFFFF FFFFFFFF
0180 FFFFFFFF FFFFFFFF FFFFFFFF FFFFFFFF
0190 FFFFFFFF FFFFFFFF FFFFFFFF FFFFFFFF
01A0 FFFFFFFF FFFFFFFF FFFFFFFF FFFFFFFF
01B0 FFFFFFFF FFFFFFFF FFFFFFFF FFFFFFFF
01C0 FFFFFFFF FFFFFFFF FFFFFFFF FFFFFFFF
01D0 FFFFFFFF FFFFFFFF FFFFFFFF FFFFFFFF
01E0 FFFFFFFF FFFFFFFF FFFFFFFF FFFFFFFF
01F0 FFFFFFFF FFFFFFFF FFFFFFFF FFFFFFFF
0200 FFFFFFFF FFFFFFFF FFFFFFFF FFFFFFFF

COMMAND: S(TART, R(UN, E(NTER, D(UMP, H(COUNT, B(KPT, F(ILES, T(RACE, Q(UIT?
d r,0-100
A=000035   X=000000   L=000000   B=00011B   
S=FFFFFF   T=FFFFFF   P=000118   CC=LT

0000 B4104B20 2F572071 4B202957 206C4B20
0010 23572067 6B20624B 201A5720 5C4B2014
0020 5720574B 200E5720 524B2008 57C000B8
0030 103F2FF5 1720454B 200EA403 5720404B
0040 20064720 383E2034 E100F133 2FFAB400
0050 D900F129 00303B20 0F1D0030 29000A3B
0060 20031D00 074F0000 29002133 20062900
0070 04372FD4 B4203E20 00000100 00002C00
0080 FFFFFFFF FFFFFFFF FFFFFFFF FFFFFFFF
0090 FFFFFFFF FFFFFFFF FFFFFFFF FFFFFFFF
00A0 FFFFFFFF FFFFFFFF FFFFFFFF FFFFFFFF
00B0 FFFFFFFF FFFFFFFF FFFFFFFF FFFFFFFF
00C0 FFFFFFFF FFFFFFFF FFFFFFFF FFFFFFFF
00D0 FFFFFFFF FFFFFFFF FFFFFFFF FFFFFFFF
00E0 FFFFFFFF FFFFFFFF FFFFFFFF FFFFFFFF
00F0 FFFFFFFF FFFFFFFF FFFFFFFF FFFFFFFF
0100 E3201533 2FFADB20 0F57200E E3200A33

COMMAND: S(TART, R(UN, E(NTER, D(UMP, H(COUNT, B(KPT, F(ILES, T(RACE, Q(UIT?
d 100-200

0100 E3201533 2FFADB20 0F57200E E3200A33
0110 2FFA5320 05DF2001 F20535FF FFFFFFFF
0120 FFFFFFFF FFFFFFFF FFFFFFFF FFFFFFFF
0130 FFFFFFFF FFFFFFFF FFFFFFFF FFFFFFFF
0140 FFFFFFFF FFFFFFFF FFFFFFFF FFFFFFFF
0150 FFFFFFFF FFFFFFFF FFFFFFFF FFFFFFFF
0160 FFFFFFFF FFFFFFFF FFFFFFFF FFFFFFFF
0170 FFFFFFFF FFFFFFFF FFFFFFFF FFFFFFFF
0180 FFFFFFFF FFFFFFFF FFFFFFFF FFFFFFFF
0190 FFFFFFFF FFFFFFFF FFFFFFFF FFFFFFFF
01A0 FFFFFFFF FFFFFFFF FFFFFFFF FFFFFFFF
01B0 FFFFFFFF FFFFFFFF FFFFFFFF FFFFFFFF
01C0 FFFFFFFF FFFFFFFF FFFFFFFF FFFFFFFF
01D0 FFFFFFFF FFFFFFFF FFFFFFFF FFFFFFFF
01E0 FFFFFFFF FFFFFFFF FFFFFFFF FFFFFFFF
01F0 FFFFFFFF FFFFFFFF FFFFFFFF FFFFFFFF
0200 FFFFFFFF FFFFFFFF FFFFFFFF FFFFFFFF

COMMAND: S(TART, R(UN, E(NTER, D(UMP, H(COUNT, B(KPT, F(ILES, T(RACE, Q(UIT?
q