SIC SIMULATOR V1.6
File names are:
loader                                 
DEVF1                                  
DEVF2                                  
DEVF3                                  
DEV04                                  
DEV05                                  
DEV06                                  
COMMAND: A(CCEPT file names, R(ENAME 1 or more files
r
loader                                 
DEVF1                                  
pgm.obj
DEVF2                                  
DEVF3                                  
DEV04                                  
DEV05                                  
DEV06                                  
File names are:
loader                                 
pgm.obj                                
DEVF2                                  
DEVF3                                  
DEV04                                  
DEV05                                  
DEV06                                  
COMMAND: A(CCEPT file names, R(ENAME 1 or more files

COMMAND: S(TART, R(UN, E(NTER, D(UMP, H(COUNT, B(KPT, F(ILES, T(RACE, Q(UIT?
s

COMMAND: S(TART, R(UN, E(NTER, D(UMP, H(COUNT, B(KPT, F(ILES, T(RACE, Q(UIT?
r
  1000 INSTRUCTIONS EXECUTED
P=000065

COMMAND: S(TART, R(UN, E(NTER, D(UMP, H(COUNT, B(KPT, F(ILES, T(RACE, Q(UIT?
r
ILLEGAL MACHINE INSTRUCTION
P=000112

COMMAND: S(TART, R(UN, E(NTER, D(UMP, H(COUNT, B(KPT, F(ILES, T(RACE, Q(UIT?
d r,0-112
A=572071   X=572071   L=000000   B=000100   
S=00010F   T=000014   P=000112   CC=EQ

0000 B4104B20 2F572071 4B202957 206C4B20
0010 23572067 6B20624B 201A5720 5C4B2014
0020 5720574B 200E5720 524B2008 57C000B8
0030 103F2FF5 1720454B 200EA403 5720404B
0040 20064720 383E2034 E100F133 2FFAB400
0050 D900F129 00303B20 0F1D0030 29000A3B
0060 20031D00 074F0000 29002133 20062900
0070 04372FD4 B4203E20 00000100 00002C00
0080 FFFFFFFF FFFFFFFF FFFFFFFF FFFFFFFF
0090 FFFFFFFF FFFFFFFF FFFFFFFF FFFFFFFF
00A0 FFFFFFFF FFFFFFFF FFFFFFFF FFFFFFFF
00B0 FFFFFFFF FFFFFFFF FFFFFFFF FFFFFFFF
00C0 FFFFFFFF FFFFFFFF FFFFFFFF FFFFFFFF
00D0 FFFFFFFF FFFFFFFF FFFFFFFF FFFFFFFF
00E0 FFFFFFFF FFFFFFFF FFFFFFFF FFFFFFFF
00F0 FFFFFFFF FFFFFFFF FFFFFFFF FFFFFFFF
0100 00001403 20090620 066D2003 772FF100
0110 0005FFFF FFFFFFFF FFFFFFFF FFFFFFFF

COMMAND: S(TART, R(UN, E(NTER, D(UMP, H(COUNT, B(KPT, F(ILES, T(RACE, Q(UIT?
q