SIC SIMULATOR V1.6
File names are:
loader                                 
DEVF1                                  
DEVF2                                  
DEVF3                                  
DEV04                                  
DEV05                                  
DEV06                                  
COMMAND: A(CCEPT file names, R(ENAME 1 or more files
r
loader                                 
DEVF1                                  
pgm.obj
DEVF2                                  
DEVF3                                  
DEV04                                  
DEV05                                  
DEV06                                  
File names are:
loader                                 
pgm.obj                                
DEVF2                                  
DEVF3                                  
DEV04                                  
DEV05                                  
DEV06                                  
COMMAND: A(CCEPT file names, R(ENAME 1 or more files
a

COMMAND: S(TART, R(UN, E(NTER, D(UMP, H(COUNT, B(KPT, F(ILES, T(RACE, Q(UIT?
f
File names are:
loader                                 
pgm.obj                                
DEVF2                                  
DEVF3                                  
DEV04                                  
DEV05                                  
DEV06                                  
COMMAND: A(CCEPT file names, R(ENAME 1 or more files
s

COMMAND: S(TART, R(UN, E(NTER, D(UMP, H(COUNT, B(KPT, F(ILES, T(RACE, Q(UIT?
b 114

COMMAND: S(TART, R(UN, E(NTER, D(UMP, H(COUNT, B(KPT, F(ILES, T(RACE, Q(UIT?
r
ILLEGAL MACHINE INSTRUCTION
P=000000

COMMAND: S(TART, R(UN, E(NTER, D(UMP, H(COUNT, B(KPT, F(ILES, T(RACE, Q(UIT?
r
ILLEGAL MACHINE INSTRUCTION
P=000000

COMMAND: S(TART, R(UN, E(NTER, D(UMP, H(COUNT, B(KPT, F(ILES, T(RACE, Q(UIT?
d r,0--100
INVALID ENDING ADDRESS

COMMAND: S(TART, R(UN, E(NTER, D(UMP, H(COUNT, B(KPT, F(ILES, T(RACE, Q(UIT?
d r,0-100
A=FFFFFF   X=FFFFFF   L=FFFFFF   B=FFFFFF   
S=FFFFFF   T=FFFFFF   P=000000   CC=LT

0000 FFFFFFFF FFFFFFFF FFFFFFFF FFFFFFFF
0010 FFFFFFFF FFFFFFFF FFFFFFFF FFFFFFFF
0020 FFFFFFFF FFFFFFFF FFFFFFFF FFFFFFFF
0030 FFFFFFFF FFFFFFFF FFFFFFFF FFFFFFFF
0040 FFFFFFFF FFFFFFFF FFFFFFFF FFFFFFFF
0050 FFFFFFFF FFFFFFFF FFFFFFFF FFFFFFFF
0060 FFFFFFFF FFFFFFFF FFFFFFFF FFFFFFFF
0070 FFFFFFFF FFFFFFFF FFFFFFFF FFFFFFFF
0080 FFFFFFFF FFFFFFFF FFFFFFFF FFFFFFFF
0090 FFFFFFFF FFFFFFFF FFFFFFFF FFFFFFFF
00A0 FFFFFFFF FFFFFFFF FFFFFFFF FFFFFFFF
00B0 FFFFFFFF FFFFFFFF FFFFFFFF FFFFFFFF
00C0 FFFFFFFF FFFFFFFF FFFFFFFF FFFFFFFF
00D0 FFFFFFFF FFFFFFFF FFFFFFFF FFFFFFFF
00E0 FFFFFFFF FFFFFFFF FFFFFFFF FFFFFFFF
00F0 FFFFFFFF FFFFFFFF FFFFFFFF FFFFFFFF
0100 FFFFFFFF FFFFFFFF FFFFFFFF FFFFFFFF

COMMAND: S(TART, R(UN, E(NTER, D(UMP, H(COUNT, B(KPT, F(ILES, T(RACE, Q(UIT?
s

COMMAND: S(TART, R(UN, E(NTER, D(UMP, H(COUNT, B(KPT, F(ILES, T(RACE, Q(UIT?
r
  1000 INSTRUCTIONS EXECUTED
P=000059

COMMAND: S(TART, R(UN, E(NTER, D(UMP, H(COUNT, B(KPT, F(ILES, T(RACE, Q(UIT?
r
BREAKPOINT REACHED
P=000114

COMMAND: S(TART, R(UN, E(NTER, D(UMP, H(COUNT, B(KPT, F(ILES, T(RACE, Q(UIT?
d 0-200
IMPROPER RANGE OF ADDRESSES

COMMAND: S(TART, R(UN, E(NTER, D(UMP, H(COUNT, B(KPT, F(ILES, T(RACE, Q(UIT?
d 50-200
IMPROPER RANGE OF ADDRESSES

COMMAND: S(TART, R(UN, E(NTER, D(UMP, H(COUNT, B(KPT, F(ILES, T(RACE, Q(UIT?
d 50-150

0050 D900F129 00303B20 0F1D0030 29000A3B
0060 20031D00 074F0000 29002133 20062900
0070 04372FD4 B4203E20 00000100 00002C00
0080 FFFFFFFF FFFFFFFF FFFFFFFF FFFFFFFF
0090 FFFFFFFF FFFFFFFF FFFFFFFF FFFFFFFF
00A0 FFFFFFFF FFFFFFFF FFFFFFFF FFFFFFFF
00B0 FFFFFFFF FFFFFFFF FFFFFFFF FFFFFFFF
00C0 FFFFFFFF FFFFFFFF FFFFFFFF FFFFFFFF
00D0 FFFFFFFF FFFFFFFF FFFFFFFF FFFFFFFF
00E0 FFFFFFFF FFFFFFFF FFFFFFFF FFFFFFFF
00F0 FFFFFFFF FFFFFFFF FFFFFFFF FFFFFFFF
0100 03200B6F 200B9804 7F200000 000A0000
0110 05000002 FFFFFFFF FFFFFFFF FFFFFFFF
0120 FFFFFFFF FFFFFFFF FFFFFFFF FFFFFFFF
0130 FFFFFFFF FFFFFFFF FFFFFFFF FFFFFFFF
0140 FFFFFFFF FFFFFFFF FFFFFFFF FFFFFFFF
0150 FFFFFFFF FFFFFFFF FFFFFFFF FFFFFFFF

COMMAND: S(TART, R(UN, E(NTER, D(UMP, H(COUNT, B(KPT, F(ILES, T(RACE, Q(UIT?
UNRECOGNIZED COMMAND

COMMAND: S(TART, R(UN, E(NTER, D(UMP, H(COUNT, B(KPT, F(ILES, T(RACE, Q(UIT?
