SIC SIMULATOR V1.6
File names are:
loader                                 
DEVF1                                  
DEVF2                                  
DEVF3                                  
DEV04                                  
DEV05                                  
DEV06                                  
COMMAND: A(CCEPT file names, R(ENAME 1 or more files
r
loader                                 
DEVF1                                  
pgm2.obj
DEVF2                                  
DEVF3                                  
DEV04                                  
DEV05                                  
DEV06                                  
File names are:
loader                                 
pgm2.obj                               
DEVF2                                  
DEVF3                                  
DEV04                                  
DEV05                                  
DEV06                                  
COMMAND: A(CCEPT file names, R(ENAME 1 or more files
a

COMMAND: S(TART, R(UN, E(NTER, D(UMP, H(COUNT, B(KPT, F(ILES, T(RACE, Q(UIT?
UNRECOGNIZED COMMAND

COMMAND: S(TART, R(UN, E(NTER, D(UMP, H(COUNT, B(KPT, F(ILES, T(RACE, Q(UIT?
ART, R(UN, E(NTER, D(UMP, H(COUNT, B(KPT, F(ILES, T(RACE, Q(UIT?
d 0-300
IMPROPER RANGE OF ADDRESSES

COMMAND: S(TART, R(UN, E(NTER, D(UMP, H(COUNT, B(KPT, F(ILES, T(RACE, Q(UIT?
100-300
UNRECOGNIZED COMMAND

COMMAND: S(TART, R(UN, E(NTER, D(UMP, H(COUNT, B(KPT, F(ILES, T(RACE, Q(UIT?
d 100-300
IMPROPER RANGE OF ADDRESSES

COMMAND: S(TART, R(UN, E(NTER, D(UMP, H(COUNT, B(KPT, F(ILES, T(RACE, Q(UIT?
d r, 
NO ENDING ADDRESS SPECIFIED

COMMAND: S(TART, R(UN, E(NTER, D(UMP, H(COUNT, B(KPT, F(ILES, T(RACE, Q(UIT?
d 100-300
IMPROPER RANGE OF ADDRESSES

COMMAND: S(TART, R(UN, E(NTER, D(UMP, H(COUNT, B(KPT, F(ILES, T(RACE, Q(UIT?
d 0-100

0000 B4104B20 2F572071 4B202957 206C4B20
0010 23572067 6B20624B 201A5720 5C4B2014
0020 5720574B 200E5720 524B2008 57C000B8
0030 103F2FF5 1720454B 200EA403 5720404B
0040 20064720 383E2034 E100F133 2FFAB400
0050 D900F129 00303B20 0F1D0030 29000A3B
0060 20031D00 074F0000 29002133 20062900
0070 04372FD4 B4203E20 00FFFFFF FFFFFFFF
0080 FFFFFFFF FFFFFFFF FFFFFFFF FFFFFFFF
0090 FFFFFFFF FFFFFFFF FFFFFFFF FFFFFFFF
00A0 FFFFFFFF FFFFFFFF FFFFFFFF FFFFFFFF
00B0 FFFFFFFF FFFFFFFF FFFFFFFF FFFFFFFF
00C0 FFFFFFFF FFFFFFFF FFFFFFFF FFFFFFFF
00D0 FFFFFFFF FFFFFFFF FFFFFFFF FFFFFFFF
00E0 FFFFFFFF FFFFFFFF FFFFFFFF FFFFFFFF
00F0 FFFFFFFF FFFFFFFF FFFFFFFF FFFFFFFF
0100 FFFFFFFF FFFFFFFF FFFFFFFF FFFFFFFF

COMMAND: S(TART, R(UN, E(NTER, D(UMP, H(COUNT, B(KPT, F(ILES, T(RACE, Q(UIT?
d 200-300

0200 FFFFFFFF FFFFFFFF FFFFFFFF FFFFFFFF
0210 FFFFFFFF FFFFFFFF FFFFFFFF FFFFFFFF
0220 FFFFFFFF FFFFFFFF FFFFFFFF FFFFFFFF
0230 FFFFFFFF FFFFFFFF FFFFFFFF FFFFFFFF
0240 FFFFFFFF FFFFFFFF FFFFFFFF FFFFFFFF
0250 FFFFFFFF FFFFFFFF FFFFFFFF FFFFFFFF
0260 FFFFFFFF FFFFFFFF FFFFFFFF FFFFFFFF
0270 FFFFFFFF FFFFFFFF FFFFFFFF FFFFFFFF
0280 FFFFFFFF FFFFFFFF FFFFFFFF FFFFFFFF
0290 FFFFFFFF FFFFFFFF FFFFFFFF FFFFFFFF
02A0 FFFFFFFF FFFFFFFF FFFFFFFF FFFFFFFF
02B0 FFFFFFFF FFFFFFFF FFFFFFFF FFFFFFFF
02C0 FFFFFFFF FFFFFFFF FFFFFFFF FFFFFFFF
02D0 FFFFFFFF FFFFFFFF FFFFFFFF FFFFFFFF
02E0 FFFFFFFF FFFFFFFF FFFFFFFF FFFFFFFF
02F0 FFFFFFFF FFFFFFFF FFFFFFFF FFFFFFFF
0300 FFFFFFFF FFFFFFFF FFFFFFFF FFFFFFFF

COMMAND: S(TART, R(UN, E(NTER, D(UMP, H(COUNT, B(KPT, F(ILES, T(RACE, Q(UIT?
r
  1000 INSTRUCTIONS EXECUTED
P=00004E

COMMAND: S(TART, R(UN, E(NTER, D(UMP, H(COUNT, B(KPT, F(ILES, T(RACE, Q(UIT?
r
BREAKPOINT REACHED
P=000212

COMMAND: S(TART, R(UN, E(NTER, D(UMP, H(COUNT, B(KPT, F(ILES, T(RACE, Q(UIT?
d 200-300

0200 03200921 00041D00 090F2003 00000400
0210 0007FFFF FFFFFFFF FFFFFFFF FFFFFFFF
0220 FFFFFFFF FFFFFFFF FFFFFFFF FFFFFFFF
0230 FFFFFFFF FFFFFFFF FFFFFFFF FFFFFFFF
0240 FFFFFFFF FFFFFFFF FFFFFFFF FFFFFFFF
0250 FFFFFFFF FFFFFFFF FFFFFFFF FFFFFFFF
0260 FFFFFFFF FFFFFFFF FFFFFFFF FFFFFFFF
0270 FFFFFFFF FFFFFFFF FFFFFFFF FFFFFFFF
0280 FFFFFFFF FFFFFFFF FFFFFFFF FFFFFFFF
0290 FFFFFFFF FFFFFFFF FFFFFFFF FFFFFFFF
02A0 FFFFFFFF FFFFFFFF FFFFFFFF FFFFFFFF
02B0 FFFFFFFF FFFFFFFF FFFFFFFF FFFFFFFF
02C0 FFFFFFFF FFFFFFFF FFFFFFFF FFFFFFFF
02D0 FFFFFFFF FFFFFFFF FFFFFFFF FFFFFFFF
02E0 FFFFFFFF FFFFFFFF FFFFFFFF FFFFFFFF
02F0 FFFFFFFF FFFFFFFF FFFFFFFF FFFFFFFF
0300 FFFFFFFF FFFFFFFF FFFFFFFF FFFFFFFF

COMMAND: S(TART, R(UN, E(NTER, D(UMP, H(COUNT, B(KPT, F(ILES, T(RACE, Q(UIT?
d 200-212

0200 03200921 00041D00 090F2003 00000400
0210 0007FFFF FFFFFFFF FFFFFFFF FFFFFFFF

COMMAND: S(TART, R(UN, E(NTER, D(UMP, H(COUNT, B(KPT, F(ILES, T(RACE, Q(UIT?
d r, 
NO ENDING ADDRESS SPECIFIED

COMMAND: S(TART, R(UN, E(NTER, D(UMP, H(COUNT, B(KPT, F(ILES, T(RACE, Q(UIT?
d r,0-100
A=714B20   X=000000   L=000000   B=000212   
S=FFFFFF   T=FFFFFF   P=000212   CC=EQ

0000 B4104B20 2F572071 4B202957 206C4B20
0010 23572067 6B20624B 201A5720 5C4B2014
0020 5720574B 200E5720 524B2008 57C000B8
0030 103F2FF5 1720454B 200EA403 5720404B
0040 20064720 383E2034 E100F133 2FFAB400
0050 D900F129 00303B20 0F1D0030 29000A3B
0060 20031D00 074F0000 29002133 20062900
0070 04372FD4 B4203E20 00000200 00002C00
0080 FFFFFFFF FFFFFFFF FFFFFFFF FFFFFFFF
0090 FFFFFFFF FFFFFFFF FFFFFFFF FFFFFFFF
00A0 FFFFFFFF FFFFFFFF FFFFFFFF FFFFFFFF
00B0 FFFFFFFF FFFFFFFF FFFFFFFF FFFFFFFF
00C0 FFFFFFFF FFFFFFFF FFFFFFFF FFFFFFFF
00D0 FFFFFFFF FFFFFFFF FFFFFFFF FFFFFFFF
00E0 FFFFFFFF FFFFFFFF FFFFFFFF FFFFFFFF
00F0 FFFFFFFF FFFFFFFF FFFFFFFF FFFFFFFF
0100 FFFFFFFF FFFFFFFF FFFFFFFF FFFFFFFF

COMMAND: S(TART, R(UN, E(NTER, D(UMP, H(COUNT, B(KPT, F(ILES, T(RACE, Q(UIT?
d r,200-212
A=714B20   X=000000   L=000000   B=000212   
S=FFFFFF   T=FFFFFF   P=000212   CC=EQ

0200 03200921 00041D00 090F2003 00000400
0210 0007FFFF FFFFFFFF FFFFFFFF FFFFFFFF

COMMAND: S(TART, R(UN, E(NTER, D(UMP, H(COUNT, B(KPT, F(ILES, T(RACE, Q(UIT?
q